<?xml version="1.0" encoding="UTF-8"?>
<!-- Generated by org.testng.reporters.JUnitReportReporter -->
<testsuite skipped="0" hostname="SAG-6WT5QV2" name="com.qa.testCases.AcceptanceTest" tests="3" failures="0" timestamp="22 Nov 2019 09:48:43 GMT" time="9.191" errors="0">
  <testcase name="validateName" time="5.486" classname="com.qa.testCases.AcceptanceTest"/>
  <testcase name="validateCanRelist" time="1.773" classname="com.qa.testCases.AcceptanceTest"/>
  <testcase name="validatePromotions" time="1.932" classname="com.qa.testCases.AcceptanceTest"/>
</testsuite> <!-- com.qa.testCases.AcceptanceTest -->
