<?xml version="1.0" encoding="UTF-8"?>
<!-- Generated by org.testng.reporters.JUnitReportReporter -->
<testsuite skipped="0" hostname="SAG-6WT5QV2" name="com.qa.testCases.AcceptanceTest" tests="3" failures="0" timestamp="23 Nov 2019 12:01:20 GMT" time="11.057" errors="0">
  <testcase name="validateName" time="5.575" classname="com.qa.testCases.AcceptanceTest"/>
  <testcase name="validateCanRelist" time="2.611" classname="com.qa.testCases.AcceptanceTest"/>
  <testcase name="validatePromotions" time="2.871" classname="com.qa.testCases.AcceptanceTest"/>
</testsuite> <!-- com.qa.testCases.AcceptanceTest -->
